<?xml version="1.0" encoding="UTF-8"?>
<!-- Generated by org.testng.reporters.JUnitReportReporter -->
<testsuite hostname="LAPTOP-T1V1CBN5" failures="0" tests="9" name="RaneemTestCase.MainTestCaseAutomationLab" time="4.300" errors="0" timestamp="2025-01-11T00:29:06 AST" skipped="8">
  <testcase classname="RaneemTestCase.MainTestCaseAutomationLab" name="Element_Displayed_Example" time="4.300"/>
  <system-out/>
  <testcase classname="RaneemTestCase.MainTestCaseAutomationLab" name="Web_Table_Example">
    <skipped/>
  </testcase> <!-- Web_Table_Example -->
  <system-out/>
  <testcase classname="RaneemTestCase.MainTestCaseAutomationLab" name="Checkbox_Example">
    <skipped/>
  </testcase> <!-- Checkbox_Example -->
  <system-out/>
  <testcase classname="RaneemTestCase.MainTestCaseAutomationLab" name="Switch_To_Alert_Example">
    <skipped/>
  </testcase> <!-- Switch_To_Alert_Example -->
  <system-out/>
  <testcase classname="RaneemTestCase.MainTestCaseAutomationLab" name="Switch_Window_Example">
    <skipped/>
  </testcase> <!-- Switch_Window_Example -->
  <system-out/>
  <testcase classname="RaneemTestCase.MainTestCaseAutomationLab" name="Dynamic_Dropdown_Example">
    <skipped/>
  </testcase> <!-- Dynamic_Dropdown_Example -->
  <system-out/>
  <testcase classname="RaneemTestCase.MainTestCaseAutomationLab" name="Radio_Button_Example">
    <skipped/>
  </testcase> <!-- Radio_Button_Example -->
  <system-out/>
  <testcase classname="RaneemTestCase.MainTestCaseAutomationLab" name="Static_Dropdown_Example">
    <skipped/>
  </testcase> <!-- Static_Dropdown_Example -->
  <system-out/>
  <testcase classname="RaneemTestCase.MainTestCaseAutomationLab" name="Switch_Tab_Example">
    <skipped/>
  </testcase> <!-- Switch_Tab_Example -->
  <system-out/>
</testsuite> <!-- RaneemTestCase.MainTestCaseAutomationLab -->
